<?xml version="1.0" encoding="UTF-8"?>
<!-- Generated by org.testng.reporters.JUnitReportReporter -->
<testsuite hostname="DESKTOP-7EP5NVJ" failures="0" tests="1" name="Runner.ChromeRunner" time="12.427" errors="0" timestamp="22 Jun 2024 03:51:32 GMT" skipped="0">
  <testcase classname="Runner.ChromeRunner" name="runScenario" time="12.427"/>
</testsuite> <!-- Runner.ChromeRunner -->
